Determining if the pthread_create exist failed with the following output:
Change Dir: /home/timemachine/Desktop/AFS/build-src-Desktop_Qt_5_8_0_GCC_64bit_for_AFS-Default/CMakeFiles/CMakeTmp

Run Build Command:"/usr/bin/make" "cmTC_00a5d/fast"
/usr/bin/make -f CMakeFiles/cmTC_00a5d.dir/build.make CMakeFiles/cmTC_00a5d.dir/build
make[1]: Entering directory '/home/timemachine/Desktop/AFS/build-src-Desktop_Qt_5_8_0_GCC_64bit_for_AFS-Default/CMakeFiles/CMakeTmp'
Building C object CMakeFiles/cmTC_00a5d.dir/CheckSymbolExists.c.o
/usr/bin/gcc    -o CMakeFiles/cmTC_00a5d.dir/CheckSymbolExists.c.o   -c /home/timemachine/Desktop/AFS/build-src-Desktop_Qt_5_8_0_GCC_64bit_for_AFS-Default/CMakeFiles/CMakeTmp/CheckSymbolExists.c
Linking C executable cmTC_00a5d
/home/timemachine/cmake-3.9.0-Linux-x86_64/bin/cmake -E cmake_link_script CMakeFiles/cmTC_00a5d.dir/link.txt --verbose=1
/usr/bin/gcc      CMakeFiles/cmTC_00a5d.dir/CheckSymbolExists.c.o  -o cmTC_00a5d 
CMakeFiles/cmTC_00a5d.dir/CheckSymbolExists.c.o: In function `main':
CheckSymbolExists.c:(.text+0x16): undefined reference to `pthread_create'
collect2: error: ld returned 1 exit status
CMakeFiles/cmTC_00a5d.dir/build.make:97: recipe for target 'cmTC_00a5d' failed
make[1]: *** [cmTC_00a5d] Error 1
make[1]: Leaving directory '/home/timemachine/Desktop/AFS/build-src-Desktop_Qt_5_8_0_GCC_64bit_for_AFS-Default/CMakeFiles/CMakeTmp'
Makefile:126: recipe for target 'cmTC_00a5d/fast' failed
make: *** [cmTC_00a5d/fast] Error 2

File /home/timemachine/Desktop/AFS/build-src-Desktop_Qt_5_8_0_GCC_64bit_for_AFS-Default/CMakeFiles/CMakeTmp/CheckSymbolExists.c:
/* */
#include <pthread.h>

int main(int argc, char** argv)
{
  (void)argv;
#ifndef pthread_create
  return ((int*)(&pthread_create))[argc];
#else
  (void)argc;
  return 0;
#endif
}

Determining if the function pthread_create exists in the pthreads failed with the following output:
Change Dir: /home/timemachine/Desktop/AFS/build-src-Desktop_Qt_5_8_0_GCC_64bit_for_AFS-Default/CMakeFiles/CMakeTmp

Run Build Command:"/usr/bin/make" "cmTC_80b82/fast"
/usr/bin/make -f CMakeFiles/cmTC_80b82.dir/build.make CMakeFiles/cmTC_80b82.dir/build
make[1]: Entering directory '/home/timemachine/Desktop/AFS/build-src-Desktop_Qt_5_8_0_GCC_64bit_for_AFS-Default/CMakeFiles/CMakeTmp'
Building C object CMakeFiles/cmTC_80b82.dir/CheckFunctionExists.c.o
/usr/bin/gcc   -DCHECK_FUNCTION_EXISTS=pthread_create   -o CMakeFiles/cmTC_80b82.dir/CheckFunctionExists.c.o   -c /home/timemachine/cmake-3.9.0-Linux-x86_64/share/cmake-3.9/Modules/CheckFunctionExists.c
Linking C executable cmTC_80b82
/home/timemachine/cmake-3.9.0-Linux-x86_64/bin/cmake -E cmake_link_script CMakeFiles/cmTC_80b82.dir/link.txt --verbose=1
/usr/bin/gcc  -DCHECK_FUNCTION_EXISTS=pthread_create    CMakeFiles/cmTC_80b82.dir/CheckFunctionExists.c.o  -o cmTC_80b82 -lpthreads 
/usr/bin/ld: cannot find -lpthreads
collect2: error: ld returned 1 exit status
CMakeFiles/cmTC_80b82.dir/build.make:97: recipe for target 'cmTC_80b82' failed
make[1]: *** [cmTC_80b82] Error 1
make[1]: Leaving directory '/home/timemachine/Desktop/AFS/build-src-Desktop_Qt_5_8_0_GCC_64bit_for_AFS-Default/CMakeFiles/CMakeTmp'
Makefile:126: recipe for target 'cmTC_80b82/fast' failed
make: *** [cmTC_80b82/fast] Error 2


